Analysis & Synthesis report for Sequential_Multiplier_8bits
Tue Oct 11 00:42:47 2022
Quartus II Version 9.1 Build 350 03/24/2010 Service Pack 2 SJ Web Edition


---------------------
; Table of Contents ;
---------------------
  1. Legal Notice
  2. Analysis & Synthesis Summary
  3. Analysis & Synthesis Settings
  4. Parallel Compilation
  5. Analysis & Synthesis Source Files Read
  6. Analysis & Synthesis Resource Usage Summary
  7. Analysis & Synthesis Resource Utilization by Entity
  8. State Machine - |Sequential_Multiplier_8bits|system_controller:sys_con|reg_fstate
  9. Registers Removed During Synthesis
 10. General Register Statistics
 11. Inverted Register Statistics
 12. Multiplexer Restructuring Statistics (Restructuring Performed)
 13. Parameter Settings for User Entity Instance: Top-level Entity: |Sequential_Multiplier_8bits
 14. Parameter Settings for User Entity Instance: REG_8bits:From_B_to_multiplicand
 15. Parameter Settings for User Entity Instance: Shift_REG_R_8bits:From_A_to_multiplier
 16. Parameter Settings for User Entity Instance: Full_Add_8bits:From_OutputOfAND_to_FullAdder
 17. Parameter Settings for User Entity Instance: Shift_REG_R_16bits:From_FullAdder_to_product
 18. Port Connectivity Checks: "Shift_REG_R_8bits:From_A_to_multiplier"
 19. Analysis & Synthesis Messages



----------------
; Legal Notice ;
----------------
Copyright (C) 1991-2010 Altera Corporation
Your use of Altera Corporation's design tools, logic functions 
and other software and tools, and its AMPP partner logic 
functions, and any output files from any of the foregoing 
(including device programming or simulation files), and any 
associated documentation or information are expressly subject 
to the terms and conditions of the Altera Program License 
Subscription Agreement, Altera MegaCore Function License 
Agreement, or other applicable license agreement, including, 
without limitation, that your use is for the sole purpose of 
programming logic devices manufactured by Altera and sold by 
Altera or its authorized distributors.  Please refer to the 
applicable agreement for further details.



+----------------------------------------------------------------------------+
; Analysis & Synthesis Summary                                               ;
+-----------------------------+----------------------------------------------+
; Analysis & Synthesis Status ; Successful - Tue Oct 11 00:42:47 2022        ;
; Quartus II Version          ; 9.1 Build 350 03/24/2010 SP 2 SJ Web Edition ;
; Revision Name               ; Sequential_Multiplier_8bits                  ;
; Top-level Entity Name       ; Sequential_Multiplier_8bits                  ;
; Family                      ; MAX II                                       ;
; Total logic elements        ; 66                                           ;
; Total pins                  ; 36                                           ;
; Total virtual pins          ; 0                                            ;
; UFM blocks                  ; 0 / 1 ( 0 % )                                ;
+-----------------------------+----------------------------------------------+


+----------------------------------------------------------------------------------------------------------------------------------------+
; Analysis & Synthesis Settings                                                                                                          ;
+----------------------------------------------------------------------------+-----------------------------+-----------------------------+
; Option                                                                     ; Setting                     ; Default Value               ;
+----------------------------------------------------------------------------+-----------------------------+-----------------------------+
; Device                                                                     ; EPM2210F324C3               ;                             ;
; Top-level entity name                                                      ; Sequential_Multiplier_8bits ; Sequential_Multiplier_8bits ;
; Family name                                                                ; MAX II                      ; Stratix II                  ;
; Use Generated Physical Constraints File                                    ; Off                         ;                             ;
; Use smart compilation                                                      ; Off                         ; Off                         ;
; Enable parallel Assembler and TimeQuest Timing Analyzer during compilation ; On                          ; On                          ;
; Enable compact report table                                                ; Off                         ; Off                         ;
; Restructure Multiplexers                                                   ; Auto                        ; Auto                        ;
; Create Debugging Nodes for IP Cores                                        ; Off                         ; Off                         ;
; Preserve fewer node names                                                  ; On                          ; On                          ;
; Disable OpenCore Plus hardware evaluation                                  ; Off                         ; Off                         ;
; Verilog Version                                                            ; Verilog_2001                ; Verilog_2001                ;
; VHDL Version                                                               ; VHDL_1993                   ; VHDL_1993                   ;
; State Machine Processing                                                   ; Auto                        ; Auto                        ;
; Safe State Machine                                                         ; Off                         ; Off                         ;
; Extract Verilog State Machines                                             ; On                          ; On                          ;
; Extract VHDL State Machines                                                ; On                          ; On                          ;
; Ignore Verilog initial constructs                                          ; Off                         ; Off                         ;
; Iteration limit for constant Verilog loops                                 ; 5000                        ; 5000                        ;
; Iteration limit for non-constant Verilog loops                             ; 250                         ; 250                         ;
; Add Pass-Through Logic to Inferred RAMs                                    ; On                          ; On                          ;
; Parallel Synthesis                                                         ; On                          ; On                          ;
; NOT Gate Push-Back                                                         ; On                          ; On                          ;
; Power-Up Don't Care                                                        ; On                          ; On                          ;
; Remove Redundant Logic Cells                                               ; Off                         ; Off                         ;
; Remove Duplicate Registers                                                 ; On                          ; On                          ;
; Ignore CARRY Buffers                                                       ; Off                         ; Off                         ;
; Ignore CASCADE Buffers                                                     ; Off                         ; Off                         ;
; Ignore GLOBAL Buffers                                                      ; Off                         ; Off                         ;
; Ignore ROW GLOBAL Buffers                                                  ; Off                         ; Off                         ;
; Ignore LCELL Buffers                                                       ; Off                         ; Off                         ;
; Ignore SOFT Buffers                                                        ; On                          ; On                          ;
; Limit AHDL Integers to 32 Bits                                             ; Off                         ; Off                         ;
; Optimization Technique                                                     ; Balanced                    ; Balanced                    ;
; Carry Chain Length                                                         ; 70                          ; 70                          ;
; Auto Carry Chains                                                          ; On                          ; On                          ;
; Auto Open-Drain Pins                                                       ; On                          ; On                          ;
; Perform WYSIWYG Primitive Resynthesis                                      ; Off                         ; Off                         ;
; Auto Shift Register Replacement                                            ; Auto                        ; Auto                        ;
; Auto Clock Enable Replacement                                              ; On                          ; On                          ;
; Allow Synchronous Control Signals                                          ; On                          ; On                          ;
; Force Use of Synchronous Clear Signals                                     ; Off                         ; Off                         ;
; Auto Resource Sharing                                                      ; Off                         ; Off                         ;
; Use LogicLock Constraints during Resource Balancing                        ; On                          ; On                          ;
; Ignore translate_off and synthesis_off directives                          ; Off                         ; Off                         ;
; Show Parameter Settings Tables in Synthesis Report                         ; On                          ; On                          ;
; Ignore Maximum Fan-Out Assignments                                         ; Off                         ; Off                         ;
; Synchronization Register Chain Length                                      ; 2                           ; 2                           ;
; PowerPlay Power Optimization                                               ; Normal compilation          ; Normal compilation          ;
; HDL message level                                                          ; Level2                      ; Level2                      ;
; Suppress Register Optimization Related Messages                            ; Off                         ; Off                         ;
; Number of Removed Registers Reported in Synthesis Report                   ; 5000                        ; 5000                        ;
; Number of Inverted Registers Reported in Synthesis Report                  ; 100                         ; 100                         ;
; Clock MUX Protection                                                       ; On                          ; On                          ;
; Block Design Naming                                                        ; Auto                        ; Auto                        ;
; Synthesis Effort                                                           ; Auto                        ; Auto                        ;
; Shift Register Replacement - Allow Asynchronous Clear Signal               ; On                          ; On                          ;
; Analysis & Synthesis Message Level                                         ; Medium                      ; Medium                      ;
; Disable Register Merging Across Hierarchies                                ; Auto                        ; Auto                        ;
+----------------------------------------------------------------------------+-----------------------------+-----------------------------+


Parallel compilation was disabled, but you have multiple processors available. Enable parallel compilation to reduce compilation time.
+-------------------------------------+
; Parallel Compilation                ;
+----------------------------+--------+
; Processors                 ; Number ;
+----------------------------+--------+
; Number detected on machine ; 8      ;
; Maximum allowed            ; 1      ;
+----------------------------+--------+


+-----------------------------------------------------------------------------------------------------------------------------------------------------------------------------------------------------------------------------+
; Analysis & Synthesis Source Files Read                                                                                                                                                                                      ;
+----------------------------------+-----------------+-----------------+------------------------------------------------------------------------------------------------------------------------------------------------------+
; File Name with User-Entered Path ; Used in Netlist ; File Type       ; File Name with Absolute Path                                                                                                                         ;
+----------------------------------+-----------------+-----------------+------------------------------------------------------------------------------------------------------------------------------------------------------+
; Sequential_Multiplier_8bits.vhd  ; yes             ; User VHDL File  ; E:/5-th year/2nd_term/Selected Topics in Electronics/Sequential_Multiplier_8bits_project/Sequential_Multiplier_8bits/Sequential_Multiplier_8bits.vhd ;
; REG_8bits.vhd                    ; yes             ; User VHDL File  ; E:/5-th year/2nd_term/Selected Topics in Electronics/Sequential_Multiplier_8bits_project/Sequential_Multiplier_8bits/REG_8bits.vhd                   ;
; Shift_REG_R_8bits.vhd            ; yes             ; User VHDL File  ; E:/5-th year/2nd_term/Selected Topics in Electronics/Sequential_Multiplier_8bits_project/Sequential_Multiplier_8bits/Shift_REG_R_8bits.vhd           ;
; Shift_REG_R_16bits.vhd           ; yes             ; User VHDL File  ; E:/5-th year/2nd_term/Selected Topics in Electronics/Sequential_Multiplier_8bits_project/Sequential_Multiplier_8bits/Shift_REG_R_16bits.vhd          ;
; Full_Add_8bits.vhd               ; yes             ; User VHDL File  ; E:/5-th year/2nd_term/Selected Topics in Electronics/Sequential_Multiplier_8bits_project/Sequential_Multiplier_8bits/Full_Add_8bits.vhd              ;
; system_controller.vhd            ; yes             ; User VHDL File  ; E:/5-th year/2nd_term/Selected Topics in Electronics/Sequential_Multiplier_8bits_project/Sequential_Multiplier_8bits/system_controller.vhd           ;
+----------------------------------+-----------------+-----------------+------------------------------------------------------------------------------------------------------------------------------------------------------+


+-----------------------------------------------------+
; Analysis & Synthesis Resource Usage Summary         ;
+---------------------------------------------+-------+
; Resource                                    ; Usage ;
+---------------------------------------------+-------+
; Total logic elements                        ; 66    ;
;     -- Combinational with no register       ; 21    ;
;     -- Register only                        ; 18    ;
;     -- Combinational with a register        ; 27    ;
;                                             ;       ;
; Logic element usage by number of LUT inputs ;       ;
;     -- 4 input functions                    ; 23    ;
;     -- 3 input functions                    ; 18    ;
;     -- 2 input functions                    ; 7     ;
;     -- 1 input functions                    ; 0     ;
;     -- 0 input functions                    ; 0     ;
;                                             ;       ;
; Logic elements by mode                      ;       ;
;     -- normal mode                          ; 66    ;
;     -- arithmetic mode                      ; 0     ;
;     -- qfbk mode                            ; 0     ;
;     -- register cascade mode                ; 0     ;
;     -- synchronous clear/load mode          ; 1     ;
;     -- asynchronous clear/load mode         ; 25    ;
;                                             ;       ;
; Total registers                             ; 45    ;
; I/O pins                                    ; 36    ;
; Maximum fan-out node                        ; clk   ;
; Maximum fan-out                             ; 45    ;
; Total fan-out                               ; 305   ;
; Average fan-out                             ; 2.99  ;
+---------------------------------------------+-------+


+---------------------------------------------------------------------------------------------------------------------------------------------------------------------------------------------------------------------------------------------------------------------------------------------------+
; Analysis & Synthesis Resource Utilization by Entity                                                                                                                                                                                                                                               ;
+---------------------------------------------------+-------------+--------------+------------+------+--------------+--------------+-------------------+------------------+-----------------+------------+---------------------------------------------------------------------------+--------------+
; Compilation Hierarchy Node                        ; Logic Cells ; LC Registers ; UFM Blocks ; Pins ; Virtual Pins ; LUT-Only LCs ; Register-Only LCs ; LUT/Register LCs ; Carry Chain LCs ; Packed LCs ; Full Hierarchy Name                                                       ; Library Name ;
+---------------------------------------------------+-------------+--------------+------------+------+--------------+--------------+-------------------+------------------+-----------------+------------+---------------------------------------------------------------------------+--------------+
; |Sequential_Multiplier_8bits                      ; 66 (2)      ; 45           ; 0          ; 36   ; 0            ; 21 (2)       ; 18 (0)            ; 27 (0)           ; 0 (0)           ; 0 (0)      ; |Sequential_Multiplier_8bits                                              ; work         ;
;    |Full_Add_8bits:From_OutputOfAND_to_FullAdder| ; 14 (14)     ; 0            ; 0          ; 0    ; 0            ; 14 (14)      ; 0 (0)             ; 0 (0)            ; 0 (0)           ; 0 (0)      ; |Sequential_Multiplier_8bits|Full_Add_8bits:From_OutputOfAND_to_FullAdder ; work         ;
;    |REG_8bits:From_B_to_multiplicand|             ; 8 (8)       ; 8            ; 0          ; 0    ; 0            ; 0 (0)        ; 8 (8)             ; 0 (0)            ; 0 (0)           ; 0 (0)      ; |Sequential_Multiplier_8bits|REG_8bits:From_B_to_multiplicand             ; work         ;
;    |Shift_REG_R_16bits:From_FullAdder_to_product| ; 19 (19)     ; 17           ; 0          ; 0    ; 0            ; 2 (2)        ; 8 (8)             ; 9 (9)            ; 0 (0)           ; 0 (0)      ; |Sequential_Multiplier_8bits|Shift_REG_R_16bits:From_FullAdder_to_product ; work         ;
;    |Shift_REG_R_8bits:From_A_to_multiplier|       ; 9 (9)       ; 8            ; 0          ; 0    ; 0            ; 1 (1)        ; 0 (0)             ; 8 (8)            ; 0 (0)           ; 0 (0)      ; |Sequential_Multiplier_8bits|Shift_REG_R_8bits:From_A_to_multiplier       ; work         ;
;    |system_controller:sys_con|                    ; 14 (14)     ; 12           ; 0          ; 0    ; 0            ; 2 (2)        ; 2 (2)             ; 10 (10)          ; 0 (0)           ; 0 (0)      ; |Sequential_Multiplier_8bits|system_controller:sys_con                    ; work         ;
+---------------------------------------------------+-------------+--------------+------------+------+--------------+--------------+-------------------+------------------+-----------------+------------+---------------------------------------------------------------------------+--------------+
Note: For table entries with two numbers listed, the numbers in parentheses indicate the number of resources of the given type used by the specific entity alone. The numbers listed outside of parentheses indicate the total resources of the given type used by the specific entity and all of its sub-entities in the hierarchy.


Encoding Type:  One-Hot
+-----------------------------------------------------------------------------------+
; State Machine - |Sequential_Multiplier_8bits|system_controller:sys_con|reg_fstate ;
+---------------+---------------+---------------+---------------+-------------------+
; Name          ; reg_fstate.S3 ; reg_fstate.S2 ; reg_fstate.S1 ; reg_fstate.S0     ;
+---------------+---------------+---------------+---------------+-------------------+
; reg_fstate.S0 ; 0             ; 0             ; 0             ; 0                 ;
; reg_fstate.S1 ; 0             ; 0             ; 1             ; 1                 ;
; reg_fstate.S2 ; 0             ; 1             ; 0             ; 1                 ;
; reg_fstate.S3 ; 1             ; 0             ; 0             ; 1                 ;
+---------------+---------------+---------------+---------------+-------------------+


+---------------------------------------------------------------------------------------------------------------+
; Registers Removed During Synthesis                                                                            ;
+------------------------------------------------+--------------------------------------------------------------+
; Register name                                  ; Reason for Removal                                           ;
+------------------------------------------------+--------------------------------------------------------------+
; system_controller:sys_con|out_load_multiplier  ; Merged with system_controller:sys_con|out_shift_multiplicand ;
; system_controller:sys_con|out_shift_multiplier ; Merged with system_controller:sys_con|out_shift_product      ;
; Total Number of Removed Registers = 2          ;                                                              ;
+------------------------------------------------+--------------------------------------------------------------+


+------------------------------------------------------+
; General Register Statistics                          ;
+----------------------------------------------+-------+
; Statistic                                    ; Value ;
+----------------------------------------------+-------+
; Total registers                              ; 45    ;
; Number of registers using Synchronous Clear  ; 0     ;
; Number of registers using Synchronous Load   ; 1     ;
; Number of registers using Asynchronous Clear ; 25    ;
; Number of registers using Asynchronous Load  ; 0     ;
; Number of registers using Clock Enable       ; 38    ;
; Number of registers using Preset             ; 0     ;
+----------------------------------------------+-------+


+-------------------------------------------------------+
; Inverted Register Statistics                          ;
+---------------------------------------------+---------+
; Inverted Register                           ; Fan out ;
+---------------------------------------------+---------+
; system_controller:sys_con|out_reset_product ; 18      ;
; Total number of inverted registers = 1      ;         ;
+---------------------------------------------+---------+


+-------------------------------------------------------------------------------------------------------------------------------------------------------------------------------------------------------+
; Multiplexer Restructuring Statistics (Restructuring Performed)                                                                                                                                        ;
+--------------------+-----------+---------------+----------------------+------------------------+------------+-----------------------------------------------------------------------------------------+
; Multiplexer Inputs ; Bus Width ; Baseline Area ; Area if Restructured ; Saving if Restructured ; Registered ; Example Multiplexer Output                                                              ;
+--------------------+-----------+---------------+----------------------+------------------------+------------+-----------------------------------------------------------------------------------------+
; 3:1                ; 8 bits    ; 16 LEs        ; 8 LEs                ; 8 LEs                  ; Yes        ; |Sequential_Multiplier_8bits|Shift_REG_R_16bits:From_FullAdder_to_product|reg_signal[8] ;
; 3:1                ; 7 bits    ; 14 LEs        ; 7 LEs                ; 7 LEs                  ; Yes        ; |Sequential_Multiplier_8bits|Shift_REG_R_8bits:From_A_to_multiplier|reg_signal[0]       ;
; 4:1                ; 3 bits    ; 6 LEs         ; 3 LEs                ; 3 LEs                  ; Yes        ; |Sequential_Multiplier_8bits|system_controller:sys_con|counter[2]                       ;
+--------------------+-----------+---------------+----------------------+------------------------+------------+-----------------------------------------------------------------------------------------+


+---------------------------------------------------------------------------------------------+
; Parameter Settings for User Entity Instance: Top-level Entity: |Sequential_Multiplier_8bits ;
+----------------+-------+--------------------------------------------------------------------+
; Parameter Name ; Value ; Type                                                               ;
+----------------+-------+--------------------------------------------------------------------+
; n              ; 8     ; Signed Integer                                                     ;
+----------------+-------+--------------------------------------------------------------------+
Note: In order to hide this table in the UI and the text report file, please set the "Show Parameter Settings Tables in Synthesis Report" option in "Analysis and Synthesis Settings -> More Settings" to "Off".


+-------------------------------------------------------------------------------+
; Parameter Settings for User Entity Instance: REG_8bits:From_B_to_multiplicand ;
+----------------+-------+------------------------------------------------------+
; Parameter Name ; Value ; Type                                                 ;
+----------------+-------+------------------------------------------------------+
; size           ; 8     ; Signed Integer                                       ;
+----------------+-------+------------------------------------------------------+
Note: In order to hide this table in the UI and the text report file, please set the "Show Parameter Settings Tables in Synthesis Report" option in "Analysis and Synthesis Settings -> More Settings" to "Off".


+-------------------------------------------------------------------------------------+
; Parameter Settings for User Entity Instance: Shift_REG_R_8bits:From_A_to_multiplier ;
+----------------+-------+------------------------------------------------------------+
; Parameter Name ; Value ; Type                                                       ;
+----------------+-------+------------------------------------------------------------+
; size           ; 8     ; Signed Integer                                             ;
+----------------+-------+------------------------------------------------------------+
Note: In order to hide this table in the UI and the text report file, please set the "Show Parameter Settings Tables in Synthesis Report" option in "Analysis and Synthesis Settings -> More Settings" to "Off".


+-------------------------------------------------------------------------------------------+
; Parameter Settings for User Entity Instance: Full_Add_8bits:From_OutputOfAND_to_FullAdder ;
+----------------+-------+------------------------------------------------------------------+
; Parameter Name ; Value ; Type                                                             ;
+----------------+-------+------------------------------------------------------------------+
; size           ; 8     ; Signed Integer                                                   ;
+----------------+-------+------------------------------------------------------------------+
Note: In order to hide this table in the UI and the text report file, please set the "Show Parameter Settings Tables in Synthesis Report" option in "Analysis and Synthesis Settings -> More Settings" to "Off".


+-------------------------------------------------------------------------------------------+
; Parameter Settings for User Entity Instance: Shift_REG_R_16bits:From_FullAdder_to_product ;
+----------------+-------+------------------------------------------------------------------+
; Parameter Name ; Value ; Type                                                             ;
+----------------+-------+------------------------------------------------------------------+
; size           ; 8     ; Signed Integer                                                   ;
+----------------+-------+------------------------------------------------------------------+
Note: In order to hide this table in the UI and the text report file, please set the "Show Parameter Settings Tables in Synthesis Report" option in "Analysis and Synthesis Settings -> More Settings" to "Off".


+--------------------------------------------------------------------------------------------------------------------------+
; Port Connectivity Checks: "Shift_REG_R_8bits:From_A_to_multiplier"                                                       ;
+----------------+--------+----------+-------------------------------------------------------------------------------------+
; Port           ; Type   ; Severity ; Details                                                                             ;
+----------------+--------+----------+-------------------------------------------------------------------------------------+
; data_out[7..1] ; Output ; Info     ; Connected to dangling logic. Logic that only feeds a dangling port will be removed. ;
+----------------+--------+----------+-------------------------------------------------------------------------------------+


+-------------------------------+
; Analysis & Synthesis Messages ;
+-------------------------------+
Info: *******************************************************************
Info: Running Quartus II Analysis & Synthesis
    Info: Version 9.1 Build 350 03/24/2010 Service Pack 2 SJ Web Edition
    Info: Processing started: Tue Oct 11 00:42:46 2022
Info: Command: quartus_map --read_settings_files=on --write_settings_files=off Sequential_Multiplier_8bits -c Sequential_Multiplier_8bits
Info: Found 2 design units, including 1 entities, in source file sequential_multiplier_8bits.vhd
    Info: Found design unit 1: Sequential_Multiplier_8bits-behave
    Info: Found entity 1: Sequential_Multiplier_8bits
Info: Found 2 design units, including 1 entities, in source file reg_8bits.vhd
    Info: Found design unit 1: REG_8bits-behave
    Info: Found entity 1: REG_8bits
Info: Found 2 design units, including 1 entities, in source file shift_reg_r_8bits.vhd
    Info: Found design unit 1: Shift_REG_R_8bits-behave
    Info: Found entity 1: Shift_REG_R_8bits
Info: Found 2 design units, including 1 entities, in source file shift_reg_r_16bits.vhd
    Info: Found design unit 1: Shift_REG_R_16bits-behave
    Info: Found entity 1: Shift_REG_R_16bits
Info: Found 2 design units, including 1 entities, in source file full_add_8bits.vhd
    Info: Found design unit 1: Full_Add_8bits-behave
    Info: Found entity 1: Full_Add_8bits
Info: Found 2 design units, including 1 entities, in source file system_controller.vhd
    Info: Found design unit 1: system_controller-behave
    Info: Found entity 1: system_controller
Info: Found 2 design units, including 1 entities, in source file sequential_multiplier_8bits_tb.vhd
    Info: Found design unit 1: Sequential_multiplier_8bits_tb-test
    Info: Found entity 1: Sequential_multiplier_8bits_tb
Info: Elaborating entity "Sequential_Multiplier_8bits" for the top level hierarchy
Warning (10492): VHDL Process Statement warning at Sequential_Multiplier_8bits.vhd(118): signal "Multiplicand" is read inside the Process Statement but isn't in the Process Statement's sensitivity list
Warning (10492): VHDL Process Statement warning at Sequential_Multiplier_8bits.vhd(118): signal "multiplier" is read inside the Process Statement but isn't in the Process Statement's sensitivity list
Info: Elaborating entity "REG_8bits" for hierarchy "REG_8bits:From_B_to_multiplicand"
Info: Elaborating entity "Shift_REG_R_8bits" for hierarchy "Shift_REG_R_8bits:From_A_to_multiplier"
Info: Elaborating entity "Full_Add_8bits" for hierarchy "Full_Add_8bits:From_OutputOfAND_to_FullAdder"
Info: Elaborating entity "Shift_REG_R_16bits" for hierarchy "Shift_REG_R_16bits:From_FullAdder_to_product"
Info: Elaborating entity "system_controller" for hierarchy "system_controller:sys_con"
Info: Registers with preset signals will power-up high
Info: Implemented 102 device resources after synthesis - the final resource count might be different
    Info: Implemented 19 input pins
    Info: Implemented 17 output pins
    Info: Implemented 66 logic cells
Info: Quartus II Analysis & Synthesis was successful. 0 errors, 2 warnings
    Info: Peak virtual memory: 245 megabytes
    Info: Processing ended: Tue Oct 11 00:42:47 2022
    Info: Elapsed time: 00:00:01
    Info: Total CPU time (on all processors): 00:00:01


